====
time is 1680651584883
{"orderId":2}time is 1680651586186
{"orderId":2,"orderState":"PENDING"}time is 1680651586372
{"orderId":2,"orderState":"PENDING"}time is 1680651586578
{"orderId":2,"orderState":"PENDING"}time is 1680651586680
{"orderId":2,"orderState":"PENDING"}time is 1680651586767
{"orderId":2,"orderState":"PENDING"}time is 1680651586973
{"orderId":2,"orderState":"PENDING"}time is 1680651587078
{"orderId":2,"orderState":"PENDING"}time is 1680651587171
{"orderId":2,"orderState":"PENDING"}time is 1680651587378
{"orderId":2,"orderState":"PENDING"}time is 1680651587571
{"orderId":2,"orderState":"PENDING"}time is 1680651587765
{"orderId":2,"orderState":"PENDING"}====
time is 1680651593087
{"orderId":3}time is 1680651593246
{"orderId":2,"orderState":"APPROVED"}time is 1680651593379
{"orderId":2,"orderState":"APPROVED"}time is 1680651593484
{"orderId":2,"orderState":"APPROVED"}time is 1680651593575
====
time is 1680651674131
{"orderId":4}time is 1680651674319
{"orderId":4,"orderState":"PENDING"}time is 1680651674408
{"orderId":4,"orderState":"APPROVED"}time is 1680651674501
====/7
time is 1680651960091
{"orderId":7}time is 1680651960281
{"orderId":7,"orderState":"APPROVED"}time is 1680651960371
{"orderId":7,"orderState":"APPROVED"}time is 1680651960464
{"orderId":7,"orderState":"APPROVED"}time is 1680651960556
{"orderId":7,"orderState":"APPROVED"}time is 1680651960649
{"orderId":7,"orderState":"APPROVED"}time is 1680651960742
{"orderId":7,"orderState":"APPROVED"}time is 1680651960881
{"orderId":7,"orderState":"APPROVED"}time is 1680651960975
{"orderId":7,"orderState":"APPROVED"}time is 1680651961069
{"orderId":7,"orderState":"APPROVED"}time is 1680651961162
{"orderId":7,"orderState":"APPROVED"}time is 1680651961257
{"orderId":7,"orderState":"APPROVED"}time is 1680651961364
{"orderId":7,"orderState":"APPROVED"}time is 1680651961532
{"orderId":7,"orderState":"APPROVED"}time is 1680651961633
{"orderId":7,"orderState":"APPROVED"}time is 1680651961727
{"orderId":7,"orderState":"APPROVED"}====/8
time is 1680651994014
{"orderId":8}time is 1680651994184
{"orderId":8,"orderState":"REJECTED"}time is 1680651994299
{"orderId":8,"orderState":"REJECTED"}time is 1680651994453
{"orderId":8,"orderState":"REJECTED"}time is 1680651994543
{"orderId":8,"orderState":"REJECTED"}time is 1680651994649
{"orderId":8,"orderState":"REJECTED"}time is 1680651994741
====/9
time is 1680652020302
{"orderId":9}time is 1680652020476
{"orderId":9,"orderState":"APPROVED"}time is 1680652020584
{"orderId":9,"orderState":"APPROVED"}time is 1680652020678
{"orderId":9,"orderState":"APPROVED"}time is 1680652020772
{"orderId":9,"orderState":"APPROVED"}time is 1680652020867
{"orderId":9,"orderState":"APPROVED"}time is 1680652020964
