====/12
time is 1680654656647
{"orderId":12}time is 1680654657018
{"orderId":12,"orderState":"PENDING"}time is 1680654657193
{"orderId":12,"orderState":"PENDING"}time is 1680654657361
{"orderId":12,"orderState":"APPROVED"}time is 1680654657468
{"orderId":12,"orderState":"APPROVED"}time is 1680654657554
{"orderId":12,"orderState":"APPROVED"}time is 1680654657642
====/16
time is 1680654723683
{"orderId":16}time is 1680654723837
{"orderId":16,"orderState":"APPROVED"}time is 1680654723952
{"orderId":16,"orderState":"APPROVED"}time is 1680654724050
{"orderId":16,"orderState":"APPROVED"}time is 1680654724147
{"orderId":16,"orderState":"APPROVED"}time is 1680654724253
{"orderId":16,"orderState":"APPROVED"}time is 1680654724352
====/17
time is 1680654778282
{"orderId":17}time is 1680654778429
{"orderId":17,"orderState":"APPROVED"}time is 1680654778579
{"orderId":17,"orderState":"APPROVED"}time is 1680654778729
{"orderId":17,"orderState":"APPROVED"}time is 1680654778828
{"orderId":17,"orderState":"APPROVED"}time is 1680654778918
{"orderId":17,"orderState":"APPROVED"}time is 1680654779011
